<?xml version="1.0" encoding="UTF-8"?>
<testng-results ignored="0" total="3" passed="3" failed="0" skipped="0">
  <reporter-output>
  </reporter-output>
  <suite started-at="2026-05-05T08:19:25 IST" name="Suite" finished-at="2026-05-05T08:19:49 IST" duration-ms="24515">
    <groups>
      <group name="cucumber">
        <method signature="AbstractTestNGCucumberTests.runScenario(io.cucumber.testng.PickleWrapper,io.cucumber.testng.FeatureWrapper)[pri:0, instance:runner.testngRunner@5dda768f]" name="runScenario" class="io.cucumber.testng.AbstractTestNGCucumberTests"/>
      </group> <!-- cucumber -->
    </groups>
    <test started-at="2026-05-05T08:19:25 IST" name="Test" finished-at="2026-05-05T08:19:49 IST" duration-ms="24515">
      <class name="runner.testngRunner">
        <test-method is-config="true" signature="setUpClass(org.testng.ITestContext)[pri:0, instance:runner.testngRunner@5dda768f]" started-at="2026-05-05T08:19:25 IST" name="setUpClass" finished-at="2026-05-05T08:19:26 IST" duration-ms="897" status="PASS">
          <params>
            <param index="0">
              <value>
                <![CDATA[org.testng.TestRunner@7661b5a]]>
              </value>
            </param>
          </params>
          <reporter-output>
          </reporter-output>
        </test-method> <!-- setUpClass -->
        <test-method signature="runScenario(io.cucumber.testng.PickleWrapper,io.cucumber.testng.FeatureWrapper)[pri:0, instance:runner.testngRunner@5dda768f]" started-at="2026-05-05T08:19:26 IST" name="runScenario" description="Runs Cucumber Scenarios" data-provider="scenarios" finished-at="2026-05-05T08:19:34 IST" duration-ms="8296" status="PASS">
          <params>
            <param index="0">
              <value>
                <![CDATA["Display all the categories"]]>
              </value>
            </param>
            <param index="1">
              <value>
                <![CDATA["Categories of the Demoblaze Application"]]>
              </value>
            </param>
          </params>
          <reporter-output>
          </reporter-output>
        </test-method> <!-- runScenario -->
        <test-method signature="runScenario(io.cucumber.testng.PickleWrapper,io.cucumber.testng.FeatureWrapper)[pri:0, instance:runner.testngRunner@5dda768f]" started-at="2026-05-05T08:19:34 IST" name="runScenario" description="Runs Cucumber Scenarios" data-provider="scenarios" finished-at="2026-05-05T08:19:41 IST" duration-ms="7347" status="PASS">
          <params>
            <param index="0">
              <value>
                <![CDATA["Display the laptop category"]]>
              </value>
            </param>
            <param index="1">
              <value>
                <![CDATA["Categories of the Demoblaze Application"]]>
              </value>
            </param>
          </params>
          <reporter-output>
          </reporter-output>
        </test-method> <!-- runScenario -->
        <test-method signature="runScenario(io.cucumber.testng.PickleWrapper,io.cucumber.testng.FeatureWrapper)[pri:0, instance:runner.testngRunner@5dda768f]" started-at="2026-05-05T08:19:41 IST" name="runScenario" description="Runs Cucumber Scenarios" data-provider="scenarios" finished-at="2026-05-05T08:19:49 IST" duration-ms="7852" status="PASS">
          <params>
            <param index="0">
              <value>
                <![CDATA["Display the monitors category"]]>
              </value>
            </param>
            <param index="1">
              <value>
                <![CDATA["Categories of the Demoblaze Application"]]>
              </value>
            </param>
          </params>
          <reporter-output>
          </reporter-output>
        </test-method> <!-- runScenario -->
        <test-method is-config="true" signature="tearDownClass()[pri:0, instance:runner.testngRunner@5dda768f]" started-at="2026-05-05T08:19:49 IST" name="tearDownClass" finished-at="2026-05-05T08:19:49 IST" duration-ms="41" status="PASS">
          <reporter-output>
          </reporter-output>
        </test-method> <!-- tearDownClass -->
      </class> <!-- runner.testngRunner -->
    </test> <!-- Test -->
  </suite> <!-- Suite -->
</testng-results>
