<?xml version="1.0" encoding="UTF-8"?>
<!-- Generated by org.testng.reporters.JUnitReportReporter -->
<testsuite hostname="LAPTOP-NCP214AU" failures="0" tests="3" name="runner.testngRunner" time="23.495" errors="0" timestamp="2026-05-05T08:19:49 IST" skipped="0">
  <testcase classname="runner.testngRunner" name="runScenario" time="7.347"/>
  <testcase classname="runner.testngRunner" name="runScenario" time="7.852"/>
  <testcase classname="runner.testngRunner" name="runScenario" time="8.296"/>
</testsuite> <!-- runner.testngRunner -->
